0:100  0:100  MemLog inited, TSC freq: 2304325080
0:100  0:000  CPU was calibrated without ACPI PM Timer: ACPI I/O space is not enabled., use RTC
0:100  0:000  
0:100  0:000  Now is 28.11.2017,  15:46:53 (GMT)
0:100  0:000  Starting Clover revision: 4318 on American Megatrends EFI
0:100  0:000  Build with: [Args: -D NO_GRUB_DRIVERS_EMBEDDED -t XCODE8 | -D NO_GRUB_DRIVERS_EMBEDDED -D USE_LOW_EBDA -a X64 -b RELEASE -t XCODE8 -n 5 | OS: 10.12.6 | XCODE: 9.1]
0:100  0:000  SelfDevicePath=PciRoot(0x0)\Pci(0x17,0x0)\Sata(0x2,0xFFFF,0x0)\HD(1,GPT,9D854BB0-4399-497C-8864-A78C4D317D1B,0x800,0x82000) @738E9798
0:100  0:000  SelfDirPath = \EFI\CLOVER
0:100  0:000  === [ Get Smbios ] ========================================
0:100  0:000  Type 16 Index = 0
0:100  0:000  Total Memory Slots Count = 4
0:100  0:000  Type 17 Index = 0
0:100  0:000  SmbiosTable.Type17->Speed = 2133MHz
0:100  0:000  SmbiosTable.Type17->Size = 4096MB
0:100  0:000  SmbiosTable.Type17->Bank/Device = BANK 0 ChannelA-DIMM0
0:100  0:000  SmbiosTable.Type17->Vendor = Samsung
0:100  0:000  SmbiosTable.Type17->SerialNumber = 00000000
0:100  0:000  SmbiosTable.Type17->PartNumber = M471A5143EB0-CPB    
0:100  0:000  Type 17 Index = 1
0:100  0:000  Ignoring insane frequency value 0MHz
0:100  0:000  SmbiosTable.Type17->Speed = 0MHz
0:100  0:000  SmbiosTable.Type17->Size = 0MB
0:100  0:000  SmbiosTable.Type17->Bank/Device = BANK 1 ChannelA-DIMM1
0:100  0:000  SmbiosTable.Type17->Vendor = <null string>
0:100  0:000  SmbiosTable.Type17->SerialNumber = <null string>
0:100  0:000  SmbiosTable.Type17->PartNumber = <null string>
0:100  0:000  Type 17 Index = 2
0:100  0:000  Ignoring insane frequency value 0MHz
0:100  0:000  SmbiosTable.Type17->Speed = 0MHz
0:100  0:000  SmbiosTable.Type17->Size = 0MB
0:100  0:000  SmbiosTable.Type17->Bank/Device = BANK 2 ChannelB-DIMM0
0:100  0:000  SmbiosTable.Type17->Vendor = <null string>
0:100  0:000  SmbiosTable.Type17->SerialNumber = <null string>
0:100  0:000  SmbiosTable.Type17->PartNumber = <null string>
0:100  0:000  Type 17 Index = 3
0:100  0:000  Ignoring insane frequency value 0MHz
0:100  0:000  SmbiosTable.Type17->Speed = 0MHz
0:100  0:000  SmbiosTable.Type17->Size = 0MB
0:100  0:000  SmbiosTable.Type17->Bank/Device = BANK 3 ChannelB-DIMM1
0:100  0:000  SmbiosTable.Type17->Vendor = <null string>
0:100  0:000  SmbiosTable.Type17->SerialNumber = <null string>
0:100  0:000  SmbiosTable.Type17->PartNumber = <null string>
0:100  0:000  Boot status=0
0:100  0:000  Running on: 'UX310UQ' with board 'UX310UQ'
0:100  0:000  === [ GetCPUProperties ] ==================================
0:100  0:000  CPU Vendor = 756E6547 Model=406E3
0:100  0:000   The CPU supported SSE4.1
0:100  0:000  BrandString = Intel(R) Core(TM) i3-6100U CPU @ 2.30GHz
0:100  0:000   The CPU supported turbo
0:100  0:000  MSR 0x35               20004
0:100  0:000   TSC/CCC Information Leaf:
0:100  0:000    numerator     : 192
0:100  0:000    denominator   : 2
0:100  0:000   Calibrated ARTFrequency: 24003386
0:100  0:000  MSR 0xE2 before patch 1E008008
0:100  0:000  MSR 0xE2 is locked, PM patches will be turned on
0:100  0:000  MSR 0xCE              0004043B_F1011700
0:100  0:000  MSR 0x1A0             00850089
0:100  0:000  corrected FLEX_RATIO = 0
0:100  0:000  MSR 0x1B0             00000000
0:100  0:000  FSBFrequency = 95 MHz, DMI FSBFrequency = 100 MHz, Corrected FSBFrequency = 100 MHz
0:100  0:000  MaxDiv/MinDiv: 23.0/4
0:100  0:000  Turbo: 23/23/23/23
0:100  0:000  Features: 0xBFEBFBFF
0:100  0:000  Threads: 4
0:100  0:000  Cores: 2
0:100  0:000  FSB: 100 MHz
0:100  0:000  CPU: 2200 MHz
0:100  0:000  TSC: 2200 MHz
0:100  0:000  PIS: 100 MHz
0:100  0:000  ExternalClock: 25 MHz
0:100  0:000  === [ GetDevices ] ========================================
0:100  0:000  PCI (00|00:00.00) : 8086 1904 class=060000
0:100  0:000  PCI (00|00:02.00) : 8086 1916 class=030000
0:100  0:000   - GFX: Model=Intel HD Graphics 520 (Intel)
0:100  0:000  PCI (00|00:04.00) : 8086 1903 class=118000
0:100  0:000  PCI (00|00:14.00) : 8086 9D2F class=0C0330
0:100  0:000  PCI (00|00:14.02) : 8086 9D31 class=118000
0:100  0:000  PCI (00|00:15.00) : 8086 9D60 class=118000
0:100  0:000  PCI (00|00:15.01) : 8086 9D61 class=118000
0:100  0:000  PCI (00|00:16.00) : 8086 9D3A class=078000
0:100  0:000  PCI (00|00:17.00) : 8086 9D03 class=010601
0:100  0:000  PCI (00|00:1C.00) : 8086 9D10 class=060400
0:100  0:000  PCI (00|01:00.00) : 10DE 134D class=030200
0:100  0:000  PCI (00|00:1C.07) : 8086 9D17 class=060400
0:100  0:000  PCI (00|02:00.00) : 8086 095A class=028000
0:100  0:000   - WIFI: Vendor=Intel
0:100  0:000  PCI (00|00:1F.00) : 8086 9D48 class=060100
0:100  0:000  PCI (00|00:1F.02) : 8086 9D21 class=058000
0:100  0:000  PCI (00|00:1F.03) : 8086 9D70 class=040300
0:100  0:000  PCI (00|00:1F.04) : 8086 9D23 class=0C0500
0:100  0:000  === [ GetDefaultSettings ] ================================
0:100  0:000  Clover load options size = 0 bytes
0:107  0:007  EFI\CLOVER\config.plist loaded: Success
0:112  0:004  === [ GetListOfThemes ] ===================================
0:113  0:001  - [00]: metal
0:115  0:001  - [01]: random
0:116  0:001  - [01]: embedded
0:117  0:001  === [ Found config plists ] ===============================
0:117  0:000  - config.plist
0:117  0:000  === [ GetEarlyUserSettings ] ==============================
0:117  0:000  timeout set to 5
0:117  0:000  Custom boot CUSTOM_BOOT_DISABLED (0x0)
0:117  0:000  ForceKextsToLoad: 1 requested
0:117  0:000   - [0]: System\Library\Extensions\IONetworkingFamily.kext
0:117  0:000  KextsToPatch: 4 requested
0:117  0:000   - [00]: com.apple.driver.AppleIntelSKLGraphicsFramebuffer (0x19160000/etc, 32MB BIOS, 19MB framebuffer 9MB cursor bytes (credit RehabMan)) :: BinPatch :: data len: 8
0:117  0:000   - [01]: com.apple.driver.AppleIntelSKLGraphicsFramebuffer (eDP, port 0000, 0x191e0000, 0x19160000, 0x19260000, 0x19270000, 0x191b0000, 0x19160002, 0x19260002, 0x191e0003, 0x19260004, 0x19270004, 0x193b0005 credit syscl) :: BinPatch :: data len: 20
0:117  0:000   - patch disabled at config
0:117  0:000   - [02]: com.apple.driver.AppleIntelSKLGraphicsFramebuffer (Enable lid wake for 0x19260002 credit syscl/lighting/Yating Zhou) :: BinPatch :: data len: 16
0:117  0:000   - patch disabled at config
0:117  0:000   - [03]: com.apple.driver.AppleIntelSKLGraphicsFramebuffer (Enable lid wake for 0x19260004 credit syscl/lighting/Yating Zhou) :: BinPatch :: data len: 16
0:117  0:000   - patch disabled at config
0:117  0:000  KernelToPatch: 1 requested
0:117  0:000   - [00]: MSR 0xE2 _xcpm_idle instant reboot(c) Pike R. Alpha :: data len: 8
0:117  0:000  Default theme: BGM
0:117  0:000  Hiding entries with string Preboot
0:117  0:000  === [ LoadDrivers ] =======================================
0:118  0:001  Loading OsxFatBinaryDrv-64.efi  status=Success
0:120  0:001  Loading AppleImageCodec-64.efi  status=Success
0:122  0:001  Loading AppleUITheme-64.efi  status=Success
0:123  0:001  Loading DataHubDxe-64.efi  status=Success
0:128  0:004  Loading AppleKeyAggregator-64.efi  status=Success
0:130  0:001  Loading OsxAptioFix2Drv-64.efi  status=Success
0:132  0:001  Loading FSInject-64.efi  status=Success
0:134  0:002  Loading FirmwareVolume-64.efi  status=Success
0:136  0:001  Loading SMCHelper-64.efi  status=Success
0:138  0:001  Loading apfs.efi  status=Success
0:154  0:016   - driver needs connecting
0:154  0:000  Loading HFSPlus.efi  status=Success
0:156  0:001   - driver needs connecting
0:156  0:000  2 drivers needs connecting ...
0:156  0:000  PlatformDriverOverrideProtocol not found. Installing ... Success
0:156  0:000  HFS+ driver loaded
0:156  0:000  APFS driver loaded
0:156  0:000  Searching for invalid DiskIo BY_DRIVER connects: not found, all ok
0:634  0:478  === [ InitScreen ] ========================================
0:634  0:000  SetMaxResolution: found best mode 0: 1920x1080
0:634  0:000   - already set
0:634  0:000  Console modes reported: 4, available modes:
0:634  0:000   - [01]: 80x25 (current mode)
0:634  0:000   - [02]: 80x50
0:634  0:000   - [03]: 100x31
0:634  0:000   - [04]: 240x56
0:634  0:000  SetScreenResolution: 1920x1080 - already set
0:634  0:000  reinit: self device path=PciRoot(0x0)\Pci(0x17,0x0)\Sata(0x2,0xFFFF,0x0)\HD(1,GPT,9D854BB0-4399-497C-8864-A78C4D317D1B,0x800,0x82000)
0:635  0:000  Using embedded font: Success
0:636  0:000  === [ GetMacAddress ] =====================================
0:636  0:000  === [ ScanSPD ] ===========================================
0:636  0:000  SMBus device : 8086 9D23 class=0C0500 status=Success
0:636  0:000  SMBus CmdReg: 0x3
0:636  0:000  Scanning SMBus [8086:9D23], mmio: 0xDF232004, ioport: 0xF040, hostc: 0x11
0:636  0:000  Slots to scan [8]...
0:637  0:001  === [ GetAcpiTablesList ] =================================
0:642  0:004  Get Acpi Tables List from RSDT:
0:642  0:000   - [00]: FACP  Notebook len=132
0:642  0:000   - [01]: APIC  Notebook len=132
0:642  0:000   - [02]: FPDT  Notebook len=68
0:642  0:000   - [03]: FIDT  Notebook len=156
0:642  0:000   - [04]: MCFG  Notebook len=60
0:642  0:000   - [05]: HPET  Notebook len=56
0:642  0:000   - [06]: SSDT  SataTabl len=789
0:642  0:000   - [07]: ECDT  Notebook len=193
0:642  0:000   - [08]: LPIT  SKL-ULT len=148
0:642  0:000   - [09]: SSDT  sensrhub len=584
0:642  0:000   - [10]: DBGP   len=52
0:642  0:000   - [11]: DBG2   len=84
0:642  0:000   - [12]: SSDT  DptfTabl len=16174
0:642  0:000   - [13]: SSDT  SaSsdt  len=22629
0:642  0:000   - [14]: UEFI   len=66
0:642  0:000   - [15]: SSDT  CpuSsdt len=3699
0:642  0:000   - [16]: BGRT  Notebook len=56
0:642  0:000   - [17]: SSDT  SgPch len=1966
0:642  0:000   - [18]: TPM2  Tpm2Tabl len=52
0:642  0:000   - [19]: SSDT  OptTabl len=6776
0:642  0:000   - [20]: MSDM  Notebook len=85
0:642  0:000  Calibrated TSC Frequency = 2304325080 = 2304MHz
0:642  0:000  === [ GetUserSettings ] ===================================
0:643  0:000  Add 3 properties:
0:643  0:000   - [00]: NVidia, len: 9
0:643  0:000   - [01]: NVidia, len: 9
0:643  0:000   - [02]: NVidia, len: 4
0:643  0:000  USB FixOwnership: yes
0:643  0:000  Dropping 3 tables:
0:643  0:000   - [00]: Drop table  signature="#MCF" (46434D23)
0:643  0:000           - set table: 46434D23,                0 to drop: no
0:643  0:000   - [01]: Drop table  signature="DMAR" (52414D44)
0:643  0:000           - set table: 52414D44,                0 to drop: no
0:643  0:000   - [02]: Drop table  signature="SSDT" (54445353) table-id="xh_rvp10" (30317076725F6878)
0:643  0:000           - set table: 54445353, 30317076725F6878 to drop: no
0:643  0:000   - final DSDT Fix mask=30060050
0:643  0:000  PatchesDSDT: 12 requested
0:643  0:000   - [00]: (change OSID to XSID (to avoid match against _OSI XOSI patch)) lenToFind: 4, lenToReplace: 4, Target Bridge: <null string>
0:643  0:000    patch disabled at config
0:643  0:000   - [01]: (change _OSI to XOSI) lenToFind: 4, lenToReplace: 4, Target Bridge: <null string>
0:643  0:000    patch disabled at config
0:643  0:000   - [02]: (change _DSM to XDSM) lenToFind: 4, lenToReplace: 4, Target Bridge: <null string>
0:643  0:000   - [03]: (change EC0 to EC) lenToFind: 4, lenToReplace: 4, Target Bridge: <null string>
0:643  0:000    patch disabled at config
0:643  0:000   - [04]: (change H_EC to EC) lenToFind: 4, lenToReplace: 4, Target Bridge: <null string>
0:643  0:000    patch disabled at config
0:643  0:000   - [05]: (change ECDV to EC) lenToFind: 4, lenToReplace: 4, Target Bridge: <null string>
0:643  0:000    patch disabled at config
0:643  0:000   - [06]: (change HDAS to HDEF) lenToFind: 4, lenToReplace: 4, Target Bridge: <null string>
0:643  0:000   - [07]: (change HECI to IMEI) lenToFind: 4, lenToReplace: 4, Target Bridge: <null string>
0:643  0:000   - [08]: (change MEI to IMEI) lenToFind: 4, lenToReplace: 4, Target Bridge: <null string>
0:643  0:000   - [09]: (change GFX0 to IGPU) lenToFind: 4, lenToReplace: 4, Target Bridge: <null string>
0:643  0:000   - [10]: (change PCI0.VID to IGPU #1 (Thinkpad)) lenToFind: 8, lenToReplace: 8, Target Bridge: <null string>
0:643  0:000   - [11]: (change PCI0.VID to IGPU #2 (Thinkpad)) lenToFind: 14, lenToReplace: 14, Target Bridge: <null string>
0:643  0:000  Using ProductName from config
0:643  0:000  ProductName: MacBookPro13,3
0:643  0:000  Found same BiosVersion in clover and config
0:643  0:000  BiosVersion: MBP133.88Z.0233.B00.1708080034
0:643  0:000  BiosReleaseDate: 08/08/2017
0:643  0:000  Using FirmwareFeatures from config
0:643  0:000  FirmwareFeatures: 0xFC0FE13E
0:643  0:000  Using FirmwareFeaturesMask from config
0:643  0:000  FirmwareFeaturesMask: 0xFF1FFF3F
0:643  0:000  PlatformFeature: 0x1A
0:643  0:000  Board-ID set from config as Mac-A5C67F76ED83108C
0:643  0:000  BoardType: 0xA
0:643  0:000  ChassisType: 0x9
0:879  0:236  === [ ScanVolumes ] =======================================
0:879  0:000  Found 12 volumes with blockIO
0:879  0:000  - [00]: Volume: PciRoot(0x0)\Pci(0x14,0x0)\USB(0x0,0x0)
0:881  0:002          USB volume
0:881  0:000  - [01]: Volume: PciRoot(0x0)\Pci(0x14,0x0)\USB(0x0,0x0)\HD(1,GPT,EC48D00C-FB33-4577-A00C-D35D720BF7A5,0x28,0x64000)
0:883  0:001          Result of bootcode detection: bootable unknown (legacy)
0:883  0:000          USB volume
0:890  0:006  - [02]: Volume: PciRoot(0x0)\Pci(0x14,0x0)\USB(0x0,0x0)\HD(2,GPT,ACDD0DAC-CF8D-416D-BD08-C4CC69731A34,0x64028,0x3909FB0)
0:892  0:001          USB volume
0:892  0:000  - [03]: Volume: PciRoot(0x0)\Pci(0x17,0x0)\Sata(0x2,0xFFFF,0x0)
0:892  0:000  - [04]: Volume: PciRoot(0x0)\Pci(0x17,0x0)\Sata(0x2,0xFFFF,0x0)\HD(1,GPT,9D854BB0-4399-497C-8864-A78C4D317D1B,0x800,0x82000)
0:893  0:000          Result of bootcode detection: bootable Windows (vista,win)
0:893  0:000          This is SelfVolume !!
0:893  0:000  - [05]: Volume: PciRoot(0x0)\Pci(0x17,0x0)\Sata(0x2,0xFFFF,0x0)\HD(2,GPT,88F23FC6-E3D9-4BBB-921B-49B617B01636,0x82800,0x8000)
0:894  0:000  - [06]: Volume: PciRoot(0x0)\Pci(0x17,0x0)\Sata(0x2,0xFFFF,0x0)\HD(3,GPT,A08DBB98-1B6E-4DCF-8EC9-F110BBFBDDAF,0x8A800,0x923F000)
0:894  0:000          Result of bootcode detection: bootable Windows (vista,win)
0:894  0:000  - [07]: Volume: PciRoot(0x0)\Pci(0x17,0x0)\Sata(0x2,0xFFFF,0x0)\HD(4,GPT,4BEFF960-6568-01D3-B0FC-6325B4B2E900,0x92C9800,0x5BB2A88)
0:895  0:000          Result of bootcode detection: bootable unknown (legacy)
0:895  0:000  - [08]: Volume: PciRoot(0x0)\Pci(0x17,0x0)\Sata(0x2,0xFFFF,0x0)\HD(4,GPT,4BEFF960-6568-01D3-B0FC-6325B4B2E900,0x92C9800,0x5BB2A88)\VenMedia(BE74FCF7-0B7C-49F3-9147-01F4042E6842,6C01A09F20C52F439DA6E8B15B4040C2)
0:895  0:000          hiding this volume
0:895  0:000  - [09]: Volume: PciRoot(0x0)\Pci(0x17,0x0)\Sata(0x2,0xFFFF,0x0)\HD(4,GPT,4BEFF960-6568-01D3-B0FC-6325B4B2E900,0x92C9800,0x5BB2A88)\VenMedia(BE74FCF7-0B7C-49F3-9147-01F4042E6842,A817550B29126D379BFDDC8F485B914D)
0:895  0:000  - [10]: Volume: PciRoot(0x0)\Pci(0x17,0x0)\Sata(0x2,0xFFFF,0x0)\HD(4,GPT,4BEFF960-6568-01D3-B0FC-6325B4B2E900,0x92C9800,0x5BB2A88)\VenMedia(BE74FCF7-0B7C-49F3-9147-01F4042E6842,67C30F6966FCBB409684D9A5DE638AB9)
0:895  0:000  - [11]: Volume: PciRoot(0x0)\Pci(0x17,0x0)\Sata(0x2,0xFFFF,0x0)\HD(4,GPT,4BEFF960-6568-01D3-B0FC-6325B4B2E900,0x92C9800,0x5BB2A88)\VenMedia(BE74FCF7-0B7C-49F3-9147-01F4042E6842,E7EE27F8BDDEAE4E9E9FFC65C953DC1B)
0:895  0:000  === [ InitTheme ] =========================================
0:895  0:000  GlobalConfig: theme.plist not found, get random theme metal
0:899  0:003  Using theme 'metal' (EFI\CLOVER\themes\metal)
0:905  0:005  Loading font from ThemeDir: Success
0:906  0:000  Choosing theme metal
0:906  0:000  after NVRAM boot-args=dart=0 nv_disable=1 kext-dev-mode=1
0:906  0:000  === [ Dump SMC keys from NVRAM ] ==========================
0:906  0:000  found AppleSMC protocol
0:932  0:026  === [ AddCustomEntries ] ==================================
0:932  0:000  Custom entry 0 Title:"Recovery" Path:"\com.apple.recovery.boot\boot.efi" Type:10 Flags:0x6 matching all volumes
0:932  0:000      Checking volume "EFI" (PciRoot(0x0)\Pci(0x14,0x0)\USB(0x0,0x0)\HD(1,GPT,EC48D00C-FB33-4577-A00C-D35D720BF7A5,0x28,0x64000)) ... skipped because path does not exist
0:932  0:000      Checking volume "Install macOS High Sierra" (PciRoot(0x0)\Pci(0x14,0x0)\USB(0x0,0x0)\HD(2,GPT,ACDD0DAC-CF8D-416D-BD08-C4CC69731A34,0x64028,0x3909FB0)) ... skipped because path does not exist
0:932  0:000      Checking volume "SYSTEM" (PciRoot(0x0)\Pci(0x17,0x0)\Sata(0x2,0xFFFF,0x0)\HD(1,GPT,9D854BB0-4399-497C-8864-A78C4D317D1B,0x800,0x82000)) ... skipped because path does not exist
0:932  0:000      Checking volume "Preboot" (PciRoot(0x0)\Pci(0x17,0x0)\Sata(0x2,0xFFFF,0x0)\HD(4,GPT,4BEFF960-6568-01D3-B0FC-6325B4B2E900,0x92C9800,0x5BB2A88)\VenMedia(BE74FCF7-0B7C-49F3-9147-01F4042E6842,6C01A09F20C52F439DA6E8B15B4040C2)) ... skipped because volume is hidden
0:932  0:000      Checking volume "Macintosh HD" (PciRoot(0x0)\Pci(0x17,0x0)\Sata(0x2,0xFFFF,0x0)\HD(4,GPT,4BEFF960-6568-01D3-B0FC-6325B4B2E900,0x92C9800,0x5BB2A88)\VenMedia(BE74FCF7-0B7C-49F3-9147-01F4042E6842,A817550B29126D379BFDDC8F485B914D)) ... skipped because path does not exist
0:933  0:001      Checking volume "Recovery" (PciRoot(0x0)\Pci(0x17,0x0)\Sata(0x2,0xFFFF,0x0)\HD(4,GPT,4BEFF960-6568-01D3-B0FC-6325B4B2E900,0x92C9800,0x5BB2A88)\VenMedia(BE74FCF7-0B7C-49F3-9147-01F4042E6842,67C30F6966FCBB409684D9A5DE638AB9)) ... skipped because path does not exist
0:934  0:000      Checking volume "VM" (PciRoot(0x0)\Pci(0x17,0x0)\Sata(0x2,0xFFFF,0x0)\HD(4,GPT,4BEFF960-6568-01D3-B0FC-6325B4B2E900,0x92C9800,0x5BB2A88)\VenMedia(BE74FCF7-0B7C-49F3-9147-01F4042E6842,E7EE27F8BDDEAE4E9E9FFC65C953DC1B)) ... skipped because path does not exist
0:934  0:000  Custom entry 1 Title:"Windows" Path:"\EFI\Microsoft\Boot\bootmgfw.efi" Options:"-s -h" Type:7 Flags:0x0 matching all volumes
0:934  0:000      Checking volume "EFI" (PciRoot(0x0)\Pci(0x14,0x0)\USB(0x0,0x0)\HD(1,GPT,EC48D00C-FB33-4577-A00C-D35D720BF7A5,0x28,0x64000)) ... skipped because path does not exist
0:938  0:004      Checking volume "Install macOS High Sierra" (PciRoot(0x0)\Pci(0x14,0x0)\USB(0x0,0x0)\HD(2,GPT,ACDD0DAC-CF8D-416D-BD08-C4CC69731A34,0x64028,0x3909FB0)) ... skipped because path does not exist
0:938  0:000      Checking volume "SYSTEM" (PciRoot(0x0)\Pci(0x17,0x0)\Sata(0x2,0xFFFF,0x0)\HD(1,GPT,9D854BB0-4399-497C-8864-A78C4D317D1B,0x800,0x82000)) ... match!
0:942  0:003          [!] Icon 18 (icons\vol_internal_ntfs.icns) not found (path: EFI\CLOVER\themes\metal)
0:944  0:001  Custom settings: <null string>.plist will  be applied
0:944  0:000      Checking volume "Preboot" (PciRoot(0x0)\Pci(0x17,0x0)\Sata(0x2,0xFFFF,0x0)\HD(4,GPT,4BEFF960-6568-01D3-B0FC-6325B4B2E900,0x92C9800,0x5BB2A88)\VenMedia(BE74FCF7-0B7C-49F3-9147-01F4042E6842,6C01A09F20C52F439DA6E8B15B4040C2)) ... skipped because volume is hidden
0:944  0:000      Checking volume "Macintosh HD" (PciRoot(0x0)\Pci(0x17,0x0)\Sata(0x2,0xFFFF,0x0)\HD(4,GPT,4BEFF960-6568-01D3-B0FC-6325B4B2E900,0x92C9800,0x5BB2A88)\VenMedia(BE74FCF7-0B7C-49F3-9147-01F4042E6842,A817550B29126D379BFDDC8F485B914D)) ... skipped because path does not exist
0:957  0:013      Checking volume "Recovery" (PciRoot(0x0)\Pci(0x17,0x0)\Sata(0x2,0xFFFF,0x0)\HD(4,GPT,4BEFF960-6568-01D3-B0FC-6325B4B2E900,0x92C9800,0x5BB2A88)\VenMedia(BE74FCF7-0B7C-49F3-9147-01F4042E6842,67C30F6966FCBB409684D9A5DE638AB9)) ... skipped because path does not exist
0:957  0:000      Checking volume "VM" (PciRoot(0x0)\Pci(0x17,0x0)\Sata(0x2,0xFFFF,0x0)\HD(4,GPT,4BEFF960-6568-01D3-B0FC-6325B4B2E900,0x92C9800,0x5BB2A88)\VenMedia(BE74FCF7-0B7C-49F3-9147-01F4042E6842,E7EE27F8BDDEAE4E9E9FFC65C953DC1B)) ... skipped because path does not exist
0:957  0:000  === [ ScanLoader ] ========================================
0:957  0:000  - [01]: 'EFI'
0:964  0:006  - [02]: 'Install macOS High Sierra'
0:966  0:002          AddLoaderEntry for Volume Name=Install macOS High Sierra
0:976  0:009  - [04]: 'SYSTEM'
0:976  0:000          AddLoaderEntry for Volume Name=SYSTEM
0:976  0:000       skipped because path `PciRoot(0x0)\Pci(0x17,0x0)\Sata(0x2,0xFFFF,0x0)\HD(1,GPT,9D854BB0-4399-497C-8864-A78C4D317D1B,0x800,0x82000)\EFI\microsoft\Boot\bootmgfw.efii` already exists for another entry!
0:982  0:005  - [08]: 'Preboot', hidden
0:982  0:000  - [09]: 'Macintosh HD'
1:019  0:037          AddLoaderEntry for Volume Name=Macintosh HD
1:036  0:016      hibernated: set as never
2:741  1:705  - [10]: 'Recovery'
2:750  0:008          AddLoaderEntry for Volume Name=Recovery
2:776  0:026  - [11]: 'VM'
2:782  0:005  === [ AddCustomTool ] =====================================
2:783  0:001  found tool \EFI\CLOVER\tools\Shell64U.efi
2:783  0:000  Checking EFI partition Volume 1 for Clover
2:791  0:007   Found Clover
2:792  0:001  === [ GetEfiBootDeviceFromNvram ] =========================
2:792  0:000   - efi-boot-device-data: PciRoot(0x0)\Pci(0x17,0x0)\Sata(0x2,0xFFFF,0x0)\HD(4,GPT,4BEFF960-6568-01D3-B0FC-6325B4B2E900,0x92C9800,0x5BB2A88)\VenMedia(BE74FCF7-0B7C-49F3-9147-01F4042E6842,A817550B29126D379BFDDC8F485B914D)
2:792  0:000    - Volume: 'PciRoot(0x0)\Pci(0x17,0x0)\Sata(0x2,0xFFFF,0x0)\HD(4,GPT,4BEFF960-6568-01D3-B0FC-6325B4B2E900,0x92C9800,0x5BB2A88)\VenMedia(BE74FCF7-0B7C-49F3-9147-01F4042E6842,A817550B29126D379BFDDC8F485B914D)'
2:792  0:000    - LoaderPath: '<null string>'
2:792  0:000    - Guid = 4BEFF960-6568-01D3-B0FC-6325B4B2E900
2:792  0:000  === [ FindStartupDiskVolume ] =============================
2:792  0:000    - Volume: partition = PciRoot(0x0)\Pci(0x17,0x0)\Sata(0x2,0xFFFF,0x0)\HD(4,GPT,4BEFF960-6568-01D3-B0FC-6325B4B2E900,0x92C9800,0x5BB2A88)\VenMedia(BE74FCF7-0B7C-49F3-9147-01F4042E6842,A817550B29126D379BFDDC8F485B914D)
2:792  0:000     - searching for that partition
2:792  0:000      - found entry 2. 'Boot macOS from Macintosh HD', Volume 'Macintosh HD'
2:792  0:000  Boot redirected to Entry 2. 'Boot macOS from Macintosh HD'
2:792  0:000  DefaultIndex=2 and MainMenu.EntryCount=10
3:291  0:498  GUI ready
63:571  60:280   boot with args: dart=0 nv_disable=1 kext-dev-mode=1 -v 
63:571  0:000  BootVariable of the entry is empty
63:571  0:000  === [ StartLoader ] =======================================
63:571  0:000  Finally: ExternalClock=25MHz BusSpeed=100188kHz CPUFreq=2304MHz PIS: hw.busfrequency=100000000Hz
63:571  0:000  Loading boot.efi  status=Success
63:639  0:067  GetOSVersion: 10.13.1 (17B48)
63:639  0:000  CSR_CFG: CSR_ALLOW_UNTRUSTED_KEXTS | CSR_ALLOW_UNRESTRICTED_FS | CSR_ALLOW_TASK_FOR_PID | CSR_ALLOW_UNRESTRICTED_DTRACE | CSR_ALLOW_UNRESTRICTED_NVRAM
63:639  0:000  Filtering KextPatches:
63:639  0:000   - [00]: com.apple.driver.AppleIntelSKLGraphicsFramebuffer (0x19160000/etc, 32MB BIOS, 19MB framebuffer 9MB cursor bytes (credit RehabMan)) :: BinPatch :: [OS: 10.13.1 | MatchOS: All | MatchBuild: All] ==> allowed
63:639  0:000   - [01]: com.apple.driver.AppleIntelSKLGraphicsFramebuffer (eDP, port 0000, 0x191e0000, 0x19160000, 0x19260000, 0x19270000, 0x191b0000, 0x19160002, 0x19260002, 0x191e0003, 0x19260004, 0x19270004, 0x193b0005 credit syscl) :: BinPatch :: [OS: 10.13.1 | MatchOS: All | MatchBuild: All] ==> disabled by user
63:639  0:000   - [02]: com.apple.driver.AppleIntelSKLGraphicsFramebuffer (Enable lid wake for 0x19260002 credit syscl/lighting/Yating Zhou) :: BinPatch :: [OS: 10.13.1 | MatchOS: All | MatchBuild: All] ==> disabled by user
63:639  0:000   - [03]: com.apple.driver.AppleIntelSKLGraphicsFramebuffer (Enable lid wake for 0x19260004 credit syscl/lighting/Yating Zhou) :: BinPatch :: [OS: 10.13.1 | MatchOS: All | MatchBuild: All] ==> disabled by user
63:639  0:000  Filtering KernelPatches:
63:639  0:000   - [00]: MSR 0xE2 _xcpm_idle instant reboot(c) Pike R. Alpha :: [OS: 10.13.1 | MatchOS: All | MatchBuild: no] ==> allowed by OS
63:639  0:000  Will not patch boot.efi
63:639  0:000  === [ PatchSmbios ] =======================================
63:639  0:000  insert table 9 for dev 0:0
63:640  0:001  Trusting SMBIOS...
63:640  0:000  Channels: 1
63:640  0:000  Interleave: 0 1 2 3 4 5 6 7 8 9 10 11 12 13 14 15 16 17 18 19 20 21 22 23
63:640  0:000   partNum=M471A5143EB0-CPB    
63:640  0:000  SMBIOS Type 17 Index = 0 => 0 0:
63:640  0:000  BANK 0 DIMM0 2133MHz 4096MB
63:640  0:000  mTotalSystemMemory = 4096
63:640  0:000  NumberOfMemoryDevices = 1
63:640  0:000  Type20[0]->End = 0x3FFFFF, Type17[0] = 0x1000
63:640  0:000  Table 131 is present, CPUType=31
63:640  0:000  Change to: 905
63:640  0:000  === [ PatchACPI ] =========================================
63:640  0:000  RSDT 0x765F4028
63:640  0:000  FADT from RSDT: 0x765F4178
63:640  0:000  XSDT 0x765F40A8
63:640  0:000  FADT from XSDT: 0x7661A130
63:640  0:000  Xsdt reallocation done
63:640  0:000  old FADT length=10C
63:640  0:000   SignatureFixup: 0xB5B97E9E -> 0
63:640  0:000  Found OperationRegion(GNVS, SystemMemory, 7708D000, ...)
63:640  0:000  Found OperationRegion(CPSB, SystemMemory, 75C1CF18, ...)
63:640  0:000  Found OperationRegion(PNVA, SystemMemory, 7708EC98, ...)
63:641  0:000  Found OperationRegion(THBA, SystemMemory, FE200000, ...)
63:642  0:001  Found OperationRegion(ITSS, SystemMemory, FDC43100, ...)
63:642  0:000  Found OperationRegion(ABNV, SystemMemory, FFFF0000, ...)
63:642  0:000  Found OperationRegion(TMMB, SystemMemory, FED40000, ...)
63:642  0:000  Found OperationRegion(CRBD, SystemMemory, FED40000, ...)
63:642  0:000  Found OperationRegion(TPMR, SystemMemory, FED40040, ...)
63:643  0:000  Found OperationRegion(ATNV, SystemMemory, 76864F18, ...)
63:643  0:000  Found OperationRegion(DBGM, SystemMemory, D0000, ...)
63:643  0:000  DSDT found in Clover volume OEM folder: EFI\CLOVER\ACPI\patched\DSDT.aml
63:646  0:003  Apply DsdtFixMask=0x30060050
63:646  0:000     drop _DSM mask=0xFFFF
63:646  0:000  === [ FixBiosDsdt ] =======================================
63:646  0:000  VideoCard devID=0x19168086
63:646  0:000  DisplayADR1[0] = 0x20000, DisplayADR2[0] = 0xFFFE
63:646  0:000  USBADR[0] = 0x140000 and PCIe = 0xFFFE
63:647  0:000  Patching DSDT:
63:647  0:000   - [change OSID to XSID (to avoid match against _OSI XOSI patch)]: disabled
63:647  0:000   - [change _OSI to XOSI]: disabled
63:647  0:000   - [change _DSM to XDSM]: pattern 5F44534D, bin not found / already patched!
63:647  0:000   - [change EC0 to EC]: disabled
63:647  0:000   - [change H_EC to EC]: disabled
63:647  0:000   - [change ECDV to EC]: disabled
63:647  0:000   - [change HDAS to HDEF]: pattern 48444153, patched at: [ (8F79) (18AD) (86) (D) (A1) (6A) ]
63:647  0:000   - [change HECI to IMEI]: pattern 48454349, patched at: [ (E2A2) ]
63:647  0:000   - [change MEI to IMEI]: pattern 4D45495F, bin not found / already patched!
63:648  0:000   - [change GFX0 to IGPU]: pattern 47465830, bin not found / already patched!
63:648  0:000   - [change PCI0.VID to IGPU #1 (Thinkpad)]: pattern 50434930, bin not found / already patched!
63:648  0:000   - [change PCI0.VID to IGPU #2 (Thinkpad)]: pattern 5649445F, bin not found / already patched!
63:648  0:000  first CPU found at 7973 offset 7976
63:648  0:000  score candidate at 796F
63:648  0:000  score inserted in acpi_cpu_score _PR_
63:648  0:000  Found ACPI CPU: CPU0 | CPU1 | CPU2 | CPU3 | CPU4 | CPU5 | CPU6 | CPU7 , within the score: _PR_
63:649  0:000  Found PCIROOTUID = 0
63:649  0:000  Start RTC Fix
63:650  0:000  found RTC Length not match, Maybe will cause CMOS reset will patch it.
63:650  0:000  found RTC had IRQNoFlag will move -3 bytes
63:650  0:000  ...len=26BF6
63:650  0:000  new size written to 1B858 shift=0 len=26BF6
63:650  0:000  len after correct outers 26BF6
63:650  0:000  Start TMR Fix
63:650  0:000  Start PIC Fix
63:650  0:000  PIC size=A5 at 1B680
63:650  0:000  found CRS at 1B694 size 8D
63:650  0:000  found PIC had IRQNoFlag will move -3 bytes
63:650  0:000  Fix Device PIC size -3
63:650  0:000  Start HPET Fix
63:651  0:000    indirect name=PNVB
63:651  0:000  OperationRegion (THBA...) corrected to addr=0xFE200000
63:652  0:000    indirect name=TPMM
63:652  0:000    indirect name=FTPM
63:652  0:000    indirect name=PPIM
63:652  0:000  === [ ACPIDropTables ] ====================================
63:652  0:000  === [ ACPIPatchedAML ] ====================================
63:652  0:000  Unsorted
63:652  0:000  Inserting SSDT-4.aml from EFI\CLOVER\ACPI\patched ... Success
63:662  0:010  Inserting SSDT-6.aml from EFI\CLOVER\ACPI\patched ... Success
63:662  0:000  Inserting SSDT-5.aml from EFI\CLOVER\ACPI\patched ... Success
63:662  0:000  Inserting SSDT-2.aml from EFI\CLOVER\ACPI\patched ... Success
63:663  0:001  Inserting SSDT-3.aml from EFI\CLOVER\ACPI\patched ... Success
63:663  0:000  Inserting SSDT-1.aml from EFI\CLOVER\ACPI\patched ... Success
63:663  0:000  Inserting SSDT-0.aml from EFI\CLOVER\ACPI\patched ... Success
63:663  0:000  Inserting SSDT-DiscreteSpoof.aml from EFI\CLOVER\ACPI\patched ... Success
63:665  0:001  === [ PatchAllSSDT ] ======================================
63:665  0:000  Patch table: SSDT  SataTabl len=0x33A
63:665  0:000  0. [change OSID to XSID (to avoid match against _OSI XOSI patch)]: disabled
63:665  0:000  1. [change _OSI to XOSI]: disabled
63:665  0:000  2. [change _DSM to XDSM]: pattern 5F44534D, bin not found / already patched!
63:665  0:000  3. [change EC0 to EC]: disabled
63:665  0:000  4. [change H_EC to EC]: disabled
63:665  0:000  5. [change ECDV to EC]: disabled
63:665  0:000  6. [change HDAS to HDEF]: pattern 48444153, bin not found / already patched!
63:665  0:000  7. [change HECI to IMEI]: pattern 48454349, bin not found / already patched!
63:665  0:000  8. [change MEI to IMEI]: pattern 4D45495F, bin not found / already patched!
63:665  0:000  9. [change GFX0 to IGPU]: pattern 47465830, bin not found / already patched!
63:665  0:000  10. [change PCI0.VID to IGPU #1 (Thinkpad)]: pattern 50434930, bin not found / already patched!
63:665  0:000  11. [change PCI0.VID to IGPU #2 (Thinkpad)]: pattern 5649445F, bin not found / already patched!
63:665  0:000  Patch table: SSDT  sensrhub len=0x248
63:665  0:000  0. [change OSID to XSID (to avoid match against _OSI XOSI patch)]: disabled
63:665  0:000  1. [change _OSI to XOSI]: disabled
63:665  0:000  2. [change _DSM to XDSM]: pattern 5F44534D, patched at: [ (51) ]
63:665  0:000  3. [change EC0 to EC]: disabled
63:665  0:000  4. [change H_EC to EC]: disabled
63:665  0:000  5. [change ECDV to EC]: disabled
63:665  0:000  6. [change HDAS to HDEF]: pattern 48444153, bin not found / already patched!
63:665  0:000  7. [change HECI to IMEI]: pattern 48454349, bin not found / already patched!
63:665  0:000  8. [change MEI to IMEI]: pattern 4D45495F, bin not found / already patched!
63:665  0:000  9. [change GFX0 to IGPU]: pattern 47465830, bin not found / already patched!
63:665  0:000  10. [change PCI0.VID to IGPU #1 (Thinkpad)]: pattern 50434930, bin not found / already patched!
63:665  0:000  11. [change PCI0.VID to IGPU #2 (Thinkpad)]: pattern 5649445F, bin not found / already patched!
63:665  0:000  Patch table: SSDT  DptfTabl len=0x3F2E
63:665  0:000  0. [change OSID to XSID (to avoid match against _OSI XOSI patch)]: disabled
63:665  0:000  1. [change _OSI to XOSI]: disabled
63:665  0:000  2. [change _DSM to XDSM]: pattern 5F44534D, bin not found / already patched!
63:665  0:000  3. [change EC0 to EC]: disabled
63:665  0:000  4. [change H_EC to EC]: disabled
63:665  0:000  5. [change ECDV to EC]: disabled
63:665  0:000  6. [change HDAS to HDEF]: pattern 48444153, bin not found / already patched!
63:665  0:000  7. [change HECI to IMEI]: pattern 48454349, bin not found / already patched!
63:665  0:000  8. [change MEI to IMEI]: pattern 4D45495F, bin not found / already patched!
63:665  0:000  9. [change GFX0 to IGPU]: pattern 47465830, patched at: [ (2D4B) (15) (25) (14) (1F) (15) (22) (15) ]
63:665  0:000  10. [change PCI0.VID to IGPU #1 (Thinkpad)]: pattern 50434930, bin not found / already patched!
63:665  0:000  11. [change PCI0.VID to IGPU #2 (Thinkpad)]: pattern 5649445F, bin not found / already patched!
63:665  0:000  Patch table: SSDT  SaSsdt  len=0x5865
63:665  0:000  0. [change OSID to XSID (to avoid match against _OSI XOSI patch)]: disabled
63:665  0:000  1. [change _OSI to XOSI]: disabled
63:665  0:000  2. [change _DSM to XDSM]: pattern 5F44534D, patched at: [ (33B9) ]
63:665  0:000  3. [change EC0 to EC]: disabled
63:665  0:000  4. [change H_EC to EC]: disabled
63:665  0:000  5. [change ECDV to EC]: disabled
63:665  0:000  6. [change HDAS to HDEF]: pattern 48444153, bin not found / already patched!
63:665  0:000  7. [change HECI to IMEI]: pattern 48454349, bin not found / already patched!
63:665  0:000  8. [change MEI to IMEI]: pattern 4D45495F, bin not found / already patched!
63:665  0:000  9. [change GFX0 to IGPU]: pattern 47465830, patched at: [ (2BF) (1D51) (AA0) (1D) (27B) (1211) (12) (12) (57) (30) (84) ]
63:665  0:000  10. [change PCI0.VID to IGPU #1 (Thinkpad)]: pattern 50434930, bin not found / already patched!
63:665  0:000  11. [change PCI0.VID to IGPU #2 (Thinkpad)]: pattern 5649445F, bin not found / already patched!
63:665  0:000  Patch table: SSDT  CpuSsdt len=0xE73
63:665  0:000  0. [change OSID to XSID (to avoid match against _OSI XOSI patch)]: disabled
63:665  0:000  1. [change _OSI to XOSI]: disabled
63:665  0:000  2. [change _DSM to XDSM]: pattern 5F44534D, bin not found / already patched!
63:665  0:000  3. [change EC0 to EC]: disabled
63:665  0:000  4. [change H_EC to EC]: disabled
63:665  0:000  5. [change ECDV to EC]: disabled
63:665  0:000  6. [change HDAS to HDEF]: pattern 48444153, bin not found / already patched!
63:665  0:000  7. [change HECI to IMEI]: pattern 48454349, bin not found / already patched!
63:665  0:000  8. [change MEI to IMEI]: pattern 4D45495F, bin not found / already patched!
63:665  0:000  9. [change GFX0 to IGPU]: pattern 47465830, bin not found / already patched!
63:665  0:000  10. [change PCI0.VID to IGPU #1 (Thinkpad)]: pattern 50434930, bin not found / already patched!
63:665  0:000  11. [change PCI0.VID to IGPU #2 (Thinkpad)]: pattern 5649445F, bin not found / already patched!
63:665  0:000  Patch table: SSDT  SgPch len=0x7AE
63:665  0:000  0. [change OSID to XSID (to avoid match against _OSI XOSI patch)]: disabled
63:665  0:000  1. [change _OSI to XOSI]: disabled
63:665  0:000  2. [change _DSM to XDSM]: pattern 5F44534D, bin not found / already patched!
63:665  0:000  3. [change EC0 to EC]: disabled
63:665  0:000  4. [change H_EC to EC]: disabled
63:665  0:000  5. [change ECDV to EC]: disabled
63:665  0:000  6. [change HDAS to HDEF]: pattern 48444153, bin not found / already patched!
63:665  0:000  7. [change HECI to IMEI]: pattern 48454349, bin not found / already patched!
63:665  0:000  8. [change MEI to IMEI]: pattern 4D45495F, bin not found / already patched!
63:665  0:000  9. [change GFX0 to IGPU]: pattern 47465830, bin not found / already patched!
63:665  0:000  10. [change PCI0.VID to IGPU #1 (Thinkpad)]: pattern 50434930, bin not found / already patched!
63:666  0:000  11. [change PCI0.VID to IGPU #2 (Thinkpad)]: pattern 5649445F, bin not found / already patched!
63:666  0:000  Patch table: SSDT  OptTabl len=0x1A78
63:666  0:000  0. [change OSID to XSID (to avoid match against _OSI XOSI patch)]: disabled
63:666  0:000  1. [change _OSI to XOSI]: disabled
63:666  0:000  2. [change _DSM to XDSM]: pattern 5F44534D, patched at: [ (288) (1768) (41) (11) ]
63:666  0:000  3. [change EC0 to EC]: disabled
63:666  0:000  4. [change H_EC to EC]: disabled
63:666  0:000  5. [change ECDV to EC]: disabled
63:666  0:000  6. [change HDAS to HDEF]: pattern 48444153, bin not found / already patched!
63:666  0:000  7. [change HECI to IMEI]: pattern 48454349, bin not found / already patched!
63:666  0:000  8. [change MEI to IMEI]: pattern 4D45495F, bin not found / already patched!
63:666  0:000  9. [change GFX0 to IGPU]: pattern 47465830, patched at: [ (122) (19) (15E) (A4) (527) (11BD) (11) ]
63:666  0:000  10. [change PCI0.VID to IGPU #1 (Thinkpad)]: pattern 50434930, bin not found / already patched!
63:666  0:000  11. [change PCI0.VID to IGPU #2 (Thinkpad)]: pattern 5649445F, bin not found / already patched!
63:666  0:000  Drop tables from Xsdt, SIGN=XXXX TableID= Length=0
63:666  0:000   Xsdt has tables count=28
63:666  0:000  CPUBase=0 and ApicCPUBase=1 ApicCPUNum=1
63:666  0:000  Maximum control=0x17
63:666  0:000  Turbo control=0x17
63:666  0:000  P-States: min 0x4, max 0x17
63:666  0:000  SSDT with plugin-type without P-States is generated
63:666  0:000  === [ RestSetup macOS ] ===================================
63:666  0:000  EdidDiscovered size=128
63:666  0:000  ------- EDID Table
63:666  0:000  000  |  00  FF  FF  FF  FF  FF  FF  00  06  AF
63:666  0:000  010  |  2D  27  00  00  00  00  10  19  01  04
63:666  0:000  020  |  95  1D  11  78  02  BC  05  A2  55  4C
63:666  0:000  030  |  9A  25  0E  50  54  00  00  00  01  01
63:666  0:000  040  |  01  01  01  01  01  01  01  01  01  01
63:666  0:000  050  |  01  01  01  01  14  37  80  B8  70  38
63:666  0:000  060  |  24  40  10  10  3E  00  25  A5  10  00
63:666  0:000  070  |  00  18  00  00  00  00  00  00  00  00
63:666  0:000  080  |  00  00  00  00  00  00  00  00  00  00
63:666  0:000  090  |  00  00  00  FE  00  41  55  4F  0A  20
63:666  0:000  100  |  20  20  20  20  20  20  20  20  00  00
63:666  0:000  110  |  00  FE  00  42  31  33  33  48  41  4E
63:666  0:000  120  |  30  32  2E  37  20  0A  00  82
63:666  0:000  Intel HD Graphics 520 [8086:1916] :: PciRoot(0x0)\Pci(0x2,0x0)
63:666  0:000    Found Full HD Display - 16:9 :: Width=1920 Height=1080
63:666  0:000    Beginning DualLink auto-detection
63:666  0:000    High Resolution Display
63:666  0:000    AAPL00,DualLink = 1
63:666  0:000    FakeID Intel GFX: not set
63:666  0:000    ig-platform-id = 0x191B0000
63:666  0:000    Beginning Intel GFX auto-detection with ACPI injection
63:666  0:000    Found FakeID Intel GFX = 0x19168086
63:666  0:000  Intel GFX revision  = 0x7
63:666  0:000   RCBA disabled; cannot use it
63:666  0:000  stringlength = 2090
63:666  0:000  CurrentMode: Width=1920 Height=1080
63:666  0:000  Beginning FSInjection
FSInjectionInstall ...
- Our FSI_SIMPLE_FILE_SYSTEM_PROTOCOL installed on handle: 731E6F98
FSInjectionInstall ...
- Our FSI_SIMPLE_FILE_SYSTEM_PROTOCOL installed on handle: 731E6F98
63:676  0:009  Use origin smbios table type 1 guid.
63:691  0:015    Force kext: System\Library\Extensions\IONetworkingFamily.kext
63:742  0:051      Force PlugIn kext: System\Library\Extensions\IONetworkingFamily.kext\Contents\PlugIns\nvenet.kext
63:763  0:020      Force PlugIn kext: System\Library\Extensions\IONetworkingFamily.kext\Contents\PlugIns\AppleBCM5701Ethernet.kext
63:788  0:025      Force PlugIn kext: System\Library\Extensions\IONetworkingFamily.kext\Contents\PlugIns\AppleIntelI210Ethernet.kext
63:810  0:022      Force PlugIn kext: System\Library\Extensions\IONetworkingFamily.kext\Contents\PlugIns\Intel82574L.kext
63:832  0:021      Force PlugIn kext: System\Library\Extensions\IONetworkingFamily.kext\Contents\PlugIns\IOEthernetAVBController.kext
63:849  0:017      Force PlugIn kext: System\Library\Extensions\IONetworkingFamily.kext\Contents\PlugIns\AppleYukon2.kext
63:890  0:040      Force PlugIn kext: System\Library\Extensions\IONetworkingFamily.kext\Contents\PlugIns\AppleIntel8254XEthernet.kext
63:910  0:020      Force PlugIn kext: System\Library\Extensions\IONetworkingFamily.kext\Contents\PlugIns\AppleVmxnet3Ethernet.kext
63:930  0:019      Force PlugIn kext: System\Library\Extensions\IONetworkingFamily.kext\Contents\PlugIns\mDNSOffloadUserClient.kext
63:947  0:017  Preparing kexts injection for arch=x86_64 from EFI\CLOVER\kexts\Other
63:947  0:000  Extra kext: EFI\CLOVER\kexts\Other\VoodooPS2Controller.kext
63:959  0:011    |-- PlugIn kext: EFI\CLOVER\kexts\Other\VoodooPS2Controller.kext\Contents\PlugIns\VoodooPS2Mouse.kext
63:967  0:008    |-- PlugIn kext: EFI\CLOVER\kexts\Other\VoodooPS2Controller.kext\Contents\PlugIns\VoodooPS2Keyboard.kext
63:986  0:018    |-- PlugIn kext: EFI\CLOVER\kexts\Other\VoodooPS2Controller.kext\Contents\PlugIns\VoodooPS2Trackpad.kext
64:006  0:020  Extra kext: EFI\CLOVER\kexts\Other\USBInjectAll.kext
64:565  0:558  Extra kext: EFI\CLOVER\kexts\Other\RealtekRTL8111.kext
64:578  0:013  Extra kext: EFI\CLOVER\kexts\Other\IntelMausiEthernet.kext
64:589  0:011  Extra kext: EFI\CLOVER\kexts\Other\FakeSMC.kext
64:608  0:019  Extra kext: EFI\CLOVER\kexts\Other\AtherosE2200Ethernet.kext
64:617  0:008  Preparing kexts injection for arch=x86_64 from EFI\CLOVER\kexts\10.13
64:620  0:002  SetStartupDiskVolume:
64:620  0:000    * Volume: 'Macintosh HD'
64:620  0:000    * LoaderPath: '<null string>'
64:620  0:000    * DevPath: Macintosh HD
64:620  0:000    * GUID = 4BEFF960-6568-01D3-B0FC-6325B4B2E900
64:620  0:000    * efi-boot-device: <array><dict><key>IOMatch</key><dict><key>IOProviderClass</key><string>IOMedia</string><key>IOPropertyMatch</key><dict><key>UUID</key><string>4BEFF960-6568-01D3-B0FC-6325B4B2E900</string></dict></dict></dict></array>
64:620  0:000  Custom boot screen not used because entry has unset use graphics
64:621  0:000  Closing log
